<?xml version="1.0" encoding="UTF-8"?>
<!-- Generated by org.testng.reporters.JUnitReportReporter -->
<testsuite hostname="ZSLAP093" failures="0" tests="3" name="jenkinstest.BrowserTest" time="23.443" errors="0" timestamp="2024-06-11T19:43:19 IST" skipped="0">
  <testcase classname="jenkinstest.BrowserTest" name="flipkart" time="6.379"/>
  <system-out/>
  <testcase classname="jenkinstest.BrowserTest" name="amzone" time="4.266"/>
  <system-out/>
  <testcase classname="jenkinstest.BrowserTest" name="snapDeal" time="12.798"/>
  <system-out/>
</testsuite> <!-- jenkinstest.BrowserTest -->
